**************************************************
Report         : passing_points

Reference      : Ref:/WORK/SystemTop
Implementation : Imp:/WORK/SystemTop
Version        : L-2016.03-SP1
Date           : Wed Dec 25 17:17:19 2024
**************************************************

272 Passing compare points:

  Ref  DFF        Ref:/WORK/SystemTop/ALUTop/ALU_OUT_reg[0]
  Impl DFF        Imp:/WORK/SystemTop/ALUTop/ALU_OUT_reg[0]

  Ref  DFF        Ref:/WORK/SystemTop/ALUTop/ALU_OUT_reg[10]
  Impl DFF        Imp:/WORK/SystemTop/ALUTop/ALU_OUT_reg[10]

  Ref  DFF        Ref:/WORK/SystemTop/ALUTop/ALU_OUT_reg[11]
  Impl DFF        Imp:/WORK/SystemTop/ALUTop/ALU_OUT_reg[11]

  Ref  DFF        Ref:/WORK/SystemTop/ALUTop/ALU_OUT_reg[12]
  Impl DFF        Imp:/WORK/SystemTop/ALUTop/ALU_OUT_reg[12]

  Ref  DFF        Ref:/WORK/SystemTop/ALUTop/ALU_OUT_reg[13]
  Impl DFF        Imp:/WORK/SystemTop/ALUTop/ALU_OUT_reg[13]

  Ref  DFF        Ref:/WORK/SystemTop/ALUTop/ALU_OUT_reg[14]
  Impl DFF        Imp:/WORK/SystemTop/ALUTop/ALU_OUT_reg[14]

  Ref  DFF        Ref:/WORK/SystemTop/ALUTop/ALU_OUT_reg[15]
  Impl DFF        Imp:/WORK/SystemTop/ALUTop/ALU_OUT_reg[15]

  Ref  DFF        Ref:/WORK/SystemTop/ALUTop/ALU_OUT_reg[1]
  Impl DFF        Imp:/WORK/SystemTop/ALUTop/ALU_OUT_reg[1]

  Ref  DFF        Ref:/WORK/SystemTop/ALUTop/ALU_OUT_reg[2]
  Impl DFF        Imp:/WORK/SystemTop/ALUTop/ALU_OUT_reg[2]

  Ref  DFF        Ref:/WORK/SystemTop/ALUTop/ALU_OUT_reg[3]
  Impl DFF        Imp:/WORK/SystemTop/ALUTop/ALU_OUT_reg[3]

  Ref  DFF        Ref:/WORK/SystemTop/ALUTop/ALU_OUT_reg[4]
  Impl DFF        Imp:/WORK/SystemTop/ALUTop/ALU_OUT_reg[4]

  Ref  DFF        Ref:/WORK/SystemTop/ALUTop/ALU_OUT_reg[5]
  Impl DFF        Imp:/WORK/SystemTop/ALUTop/ALU_OUT_reg[5]

  Ref  DFF        Ref:/WORK/SystemTop/ALUTop/ALU_OUT_reg[6]
  Impl DFF        Imp:/WORK/SystemTop/ALUTop/ALU_OUT_reg[6]

  Ref  DFF        Ref:/WORK/SystemTop/ALUTop/ALU_OUT_reg[7]
  Impl DFF        Imp:/WORK/SystemTop/ALUTop/ALU_OUT_reg[7]

  Ref  DFF        Ref:/WORK/SystemTop/ALUTop/ALU_OUT_reg[8]
  Impl DFF        Imp:/WORK/SystemTop/ALUTop/ALU_OUT_reg[8]

  Ref  DFF        Ref:/WORK/SystemTop/ALUTop/ALU_OUT_reg[9]
  Impl DFF        Imp:/WORK/SystemTop/ALUTop/ALU_OUT_reg[9]

  Ref  DFF        Ref:/WORK/SystemTop/ALUTop/OUT_VALID_reg
  Impl DFF        Imp:/WORK/SystemTop/ALUTop/OUT_VALID_reg

  Ref  DFF        Ref:/WORK/SystemTop/ClockDividerTopSys8/ClockDivider2Top/o_div_clk_reg
  Impl DFF        Imp:/WORK/SystemTop/ClockDividerTopSys8/ClockDivider2Top/o_div_clk_reg

  Ref  DFF        Ref:/WORK/SystemTop/ClockDividerTopSys8/ClockDivider4Top/o_div_clk_reg
  Impl DFF        Imp:/WORK/SystemTop/ClockDividerTopSys8/ClockDivider4Top/o_div_clk_reg

  Ref  DFF        Ref:/WORK/SystemTop/ClockDividerTopSys8/ClockDivider8Top/o_div_clk_reg
  Impl DFF        Imp:/WORK/SystemTop/ClockDividerTopSys8/ClockDivider8Top/o_div_clk_reg

  Ref  DFF        Ref:/WORK/SystemTop/DataSyncToSysCtrl/SyncBit0/SyncBit_reg
  Impl DFF        Imp:/WORK/SystemTop/DataSyncToSysCtrl/SyncBit0/SyncBit_reg

  Ref  DFF        Ref:/WORK/SystemTop/DataSyncToSysCtrl/SyncBit0/int_sig_reg
  Impl DFF        Imp:/WORK/SystemTop/DataSyncToSysCtrl/SyncBit0/int_sig_reg

  Ref  DFF        Ref:/WORK/SystemTop/DataSyncToSysCtrl/SyncBit1/SyncBit_reg
  Impl DFF        Imp:/WORK/SystemTop/DataSyncToSysCtrl/SyncBit1/SyncBit_reg

  Ref  DFF        Ref:/WORK/SystemTop/DataSyncToSysCtrl/SyncBit1/int_sig_reg
  Impl DFF        Imp:/WORK/SystemTop/DataSyncToSysCtrl/SyncBit1/int_sig_reg

  Ref  DFF        Ref:/WORK/SystemTop/DataSyncToSysCtrl/SyncBit2/SyncBit_reg
  Impl DFF        Imp:/WORK/SystemTop/DataSyncToSysCtrl/SyncBit2/SyncBit_reg

  Ref  DFF        Ref:/WORK/SystemTop/DataSyncToSysCtrl/SyncBit2/int_sig_reg
  Impl DFF        Imp:/WORK/SystemTop/DataSyncToSysCtrl/SyncBit2/int_sig_reg

  Ref  DFF        Ref:/WORK/SystemTop/DataSyncToSysCtrl/SyncBit3/SyncBit_reg
  Impl DFF        Imp:/WORK/SystemTop/DataSyncToSysCtrl/SyncBit3/SyncBit_reg

  Ref  DFF        Ref:/WORK/SystemTop/DataSyncToSysCtrl/SyncBit3/int_sig_reg
  Impl DFF        Imp:/WORK/SystemTop/DataSyncToSysCtrl/SyncBit3/int_sig_reg

  Ref  DFF        Ref:/WORK/SystemTop/DataSyncToSysCtrl/SyncBit4/SyncBit_reg
  Impl DFF        Imp:/WORK/SystemTop/DataSyncToSysCtrl/SyncBit4/SyncBit_reg

  Ref  DFF        Ref:/WORK/SystemTop/DataSyncToSysCtrl/SyncBit4/int_sig_reg
  Impl DFF        Imp:/WORK/SystemTop/DataSyncToSysCtrl/SyncBit4/int_sig_reg

  Ref  DFF        Ref:/WORK/SystemTop/DataSyncToSysCtrl/SyncBit5/SyncBit_reg
  Impl DFF        Imp:/WORK/SystemTop/DataSyncToSysCtrl/SyncBit5/SyncBit_reg

  Ref  DFF        Ref:/WORK/SystemTop/DataSyncToSysCtrl/SyncBit5/int_sig_reg
  Impl DFF        Imp:/WORK/SystemTop/DataSyncToSysCtrl/SyncBit5/int_sig_reg

  Ref  DFF        Ref:/WORK/SystemTop/DataSyncToSysCtrl/SyncBit6/SyncBit_reg
  Impl DFF        Imp:/WORK/SystemTop/DataSyncToSysCtrl/SyncBit6/SyncBit_reg

  Ref  DFF        Ref:/WORK/SystemTop/DataSyncToSysCtrl/SyncBit6/int_sig_reg
  Impl DFF        Imp:/WORK/SystemTop/DataSyncToSysCtrl/SyncBit6/int_sig_reg

  Ref  DFF        Ref:/WORK/SystemTop/DataSyncToSysCtrl/SyncBit7/SyncBit_reg
  Impl DFF        Imp:/WORK/SystemTop/DataSyncToSysCtrl/SyncBit7/SyncBit_reg

  Ref  DFF        Ref:/WORK/SystemTop/DataSyncToSysCtrl/SyncBit7/int_sig_reg
  Impl DFF        Imp:/WORK/SystemTop/DataSyncToSysCtrl/SyncBit7/int_sig_reg

  Ref  DFF        Ref:/WORK/SystemTop/DataSyncToTX/SyncBit0/SyncBit_reg
  Impl DFF        Imp:/WORK/SystemTop/DataSyncToTX/SyncBit0/SyncBit_reg

  Ref  DFF        Ref:/WORK/SystemTop/DataSyncToTX/SyncBit0/int_sig_reg
  Impl DFF        Imp:/WORK/SystemTop/DataSyncToTX/SyncBit0/int_sig_reg

  Ref  DFF        Ref:/WORK/SystemTop/DataSyncToTX/SyncBit1/SyncBit_reg
  Impl DFF        Imp:/WORK/SystemTop/DataSyncToTX/SyncBit1/SyncBit_reg

  Ref  DFF        Ref:/WORK/SystemTop/DataSyncToTX/SyncBit1/int_sig_reg
  Impl DFF        Imp:/WORK/SystemTop/DataSyncToTX/SyncBit1/int_sig_reg

  Ref  DFF        Ref:/WORK/SystemTop/DataSyncToTX/SyncBit2/SyncBit_reg
  Impl DFF        Imp:/WORK/SystemTop/DataSyncToTX/SyncBit2/SyncBit_reg

  Ref  DFF        Ref:/WORK/SystemTop/DataSyncToTX/SyncBit2/int_sig_reg
  Impl DFF        Imp:/WORK/SystemTop/DataSyncToTX/SyncBit2/int_sig_reg

  Ref  DFF        Ref:/WORK/SystemTop/DataSyncToTX/SyncBit3/SyncBit_reg
  Impl DFF        Imp:/WORK/SystemTop/DataSyncToTX/SyncBit3/SyncBit_reg

  Ref  DFF        Ref:/WORK/SystemTop/DataSyncToTX/SyncBit3/int_sig_reg
  Impl DFF        Imp:/WORK/SystemTop/DataSyncToTX/SyncBit3/int_sig_reg

  Ref  DFF        Ref:/WORK/SystemTop/DataSyncToTX/SyncBit4/SyncBit_reg
  Impl DFF        Imp:/WORK/SystemTop/DataSyncToTX/SyncBit4/SyncBit_reg

  Ref  DFF        Ref:/WORK/SystemTop/DataSyncToTX/SyncBit4/int_sig_reg
  Impl DFF        Imp:/WORK/SystemTop/DataSyncToTX/SyncBit4/int_sig_reg

  Ref  DFF        Ref:/WORK/SystemTop/DataSyncToTX/SyncBit5/SyncBit_reg
  Impl DFF        Imp:/WORK/SystemTop/DataSyncToTX/SyncBit5/SyncBit_reg

  Ref  DFF        Ref:/WORK/SystemTop/DataSyncToTX/SyncBit5/int_sig_reg
  Impl DFF        Imp:/WORK/SystemTop/DataSyncToTX/SyncBit5/int_sig_reg

  Ref  DFF        Ref:/WORK/SystemTop/DataSyncToTX/SyncBit6/SyncBit_reg
  Impl DFF        Imp:/WORK/SystemTop/DataSyncToTX/SyncBit6/SyncBit_reg

  Ref  DFF        Ref:/WORK/SystemTop/DataSyncToTX/SyncBit6/int_sig_reg
  Impl DFF        Imp:/WORK/SystemTop/DataSyncToTX/SyncBit6/int_sig_reg

  Ref  DFF        Ref:/WORK/SystemTop/DataSyncToTX/SyncBit7/SyncBit_reg
  Impl DFF        Imp:/WORK/SystemTop/DataSyncToTX/SyncBit7/SyncBit_reg

  Ref  DFF        Ref:/WORK/SystemTop/DataSyncToTX/SyncBit7/int_sig_reg
  Impl DFF        Imp:/WORK/SystemTop/DataSyncToTX/SyncBit7/int_sig_reg

  Ref  DFF        Ref:/WORK/SystemTop/RX_VLD_SYNC/SyncBit_reg
  Impl DFF        Imp:/WORK/SystemTop/RX_VLD_SYNC/SyncBit_reg

  Ref  DFF        Ref:/WORK/SystemTop/RX_VLD_SYNC/int_sig_reg
  Impl DFF        Imp:/WORK/SystemTop/RX_VLD_SYNC/int_sig_reg

  Ref  DFF        Ref:/WORK/SystemTop/RegisterFileTop/REG0_reg[0]
  Impl DFF        Imp:/WORK/SystemTop/RegisterFileTop/REG0_reg[0]

  Ref  DFF        Ref:/WORK/SystemTop/RegisterFileTop/REG0_reg[1]
  Impl DFF        Imp:/WORK/SystemTop/RegisterFileTop/REG0_reg[1]

  Ref  DFF        Ref:/WORK/SystemTop/RegisterFileTop/REG0_reg[2]
  Impl DFF        Imp:/WORK/SystemTop/RegisterFileTop/REG0_reg[2]

  Ref  DFF        Ref:/WORK/SystemTop/RegisterFileTop/REG0_reg[3]
  Impl DFF        Imp:/WORK/SystemTop/RegisterFileTop/REG0_reg[3]

  Ref  DFF        Ref:/WORK/SystemTop/RegisterFileTop/REG0_reg[4]
  Impl DFF        Imp:/WORK/SystemTop/RegisterFileTop/REG0_reg[4]

  Ref  DFF        Ref:/WORK/SystemTop/RegisterFileTop/REG0_reg[5]
  Impl DFF        Imp:/WORK/SystemTop/RegisterFileTop/REG0_reg[5]

  Ref  DFF        Ref:/WORK/SystemTop/RegisterFileTop/REG0_reg[6]
  Impl DFF        Imp:/WORK/SystemTop/RegisterFileTop/REG0_reg[6]

  Ref  DFF        Ref:/WORK/SystemTop/RegisterFileTop/REG0_reg[7]
  Impl DFF        Imp:/WORK/SystemTop/RegisterFileTop/REG0_reg[7]

  Ref  DFF        Ref:/WORK/SystemTop/RegisterFileTop/REG1_reg[0]
  Impl DFF        Imp:/WORK/SystemTop/RegisterFileTop/REG1_reg[0]

  Ref  DFF        Ref:/WORK/SystemTop/RegisterFileTop/REG1_reg[1]
  Impl DFF        Imp:/WORK/SystemTop/RegisterFileTop/REG1_reg[1]

  Ref  DFF        Ref:/WORK/SystemTop/RegisterFileTop/REG1_reg[2]
  Impl DFF        Imp:/WORK/SystemTop/RegisterFileTop/REG1_reg[2]

  Ref  DFF        Ref:/WORK/SystemTop/RegisterFileTop/REG1_reg[3]
  Impl DFF        Imp:/WORK/SystemTop/RegisterFileTop/REG1_reg[3]

  Ref  DFF        Ref:/WORK/SystemTop/RegisterFileTop/REG1_reg[4]
  Impl DFF        Imp:/WORK/SystemTop/RegisterFileTop/REG1_reg[4]

  Ref  DFF        Ref:/WORK/SystemTop/RegisterFileTop/REG1_reg[5]
  Impl DFF        Imp:/WORK/SystemTop/RegisterFileTop/REG1_reg[5]

  Ref  DFF        Ref:/WORK/SystemTop/RegisterFileTop/REG1_reg[6]
  Impl DFF        Imp:/WORK/SystemTop/RegisterFileTop/REG1_reg[6]

  Ref  DFF        Ref:/WORK/SystemTop/RegisterFileTop/REG1_reg[7]
  Impl DFF        Imp:/WORK/SystemTop/RegisterFileTop/REG1_reg[7]

  Ref  DFF        Ref:/WORK/SystemTop/RegisterFileTop/REG2_reg[0]
  Impl DFF        Imp:/WORK/SystemTop/RegisterFileTop/REG2_reg[0]

  Ref  DFF        Ref:/WORK/SystemTop/RegisterFileTop/REG2_reg[1]
  Impl DFF        Imp:/WORK/SystemTop/RegisterFileTop/REG2_reg[1]

  Ref  DFF        Ref:/WORK/SystemTop/RegisterFileTop/RdData_Valid_reg
  Impl DFF        Imp:/WORK/SystemTop/RegisterFileTop/RdData_Valid_reg

  Ref  DFF        Ref:/WORK/SystemTop/RegisterFileTop/RdData_reg[0]
  Impl DFF        Imp:/WORK/SystemTop/RegisterFileTop/RdData_reg[0]

  Ref  DFF        Ref:/WORK/SystemTop/RegisterFileTop/RdData_reg[1]
  Impl DFF        Imp:/WORK/SystemTop/RegisterFileTop/RdData_reg[1]

  Ref  DFF        Ref:/WORK/SystemTop/RegisterFileTop/RdData_reg[2]
  Impl DFF        Imp:/WORK/SystemTop/RegisterFileTop/RdData_reg[2]

  Ref  DFF        Ref:/WORK/SystemTop/RegisterFileTop/RdData_reg[3]
  Impl DFF        Imp:/WORK/SystemTop/RegisterFileTop/RdData_reg[3]

  Ref  DFF        Ref:/WORK/SystemTop/RegisterFileTop/RdData_reg[4]
  Impl DFF        Imp:/WORK/SystemTop/RegisterFileTop/RdData_reg[4]

  Ref  DFF        Ref:/WORK/SystemTop/RegisterFileTop/RdData_reg[5]
  Impl DFF        Imp:/WORK/SystemTop/RegisterFileTop/RdData_reg[5]

  Ref  DFF        Ref:/WORK/SystemTop/RegisterFileTop/RdData_reg[6]
  Impl DFF        Imp:/WORK/SystemTop/RegisterFileTop/RdData_reg[6]

  Ref  DFF        Ref:/WORK/SystemTop/RegisterFileTop/RdData_reg[7]
  Impl DFF        Imp:/WORK/SystemTop/RegisterFileTop/RdData_reg[7]

  Ref  DFF        Ref:/WORK/SystemTop/RegisterFileTop/RegFile_reg[0][0]
  Impl DFF        Imp:/WORK/SystemTop/RegisterFileTop/RegFile_reg[0][0]

  Ref  DFF        Ref:/WORK/SystemTop/RegisterFileTop/RegFile_reg[0][1]
  Impl DFF        Imp:/WORK/SystemTop/RegisterFileTop/RegFile_reg[0][1]

  Ref  DFF        Ref:/WORK/SystemTop/RegisterFileTop/RegFile_reg[0][2]
  Impl DFF        Imp:/WORK/SystemTop/RegisterFileTop/RegFile_reg[0][2]

  Ref  DFF        Ref:/WORK/SystemTop/RegisterFileTop/RegFile_reg[0][3]
  Impl DFF        Imp:/WORK/SystemTop/RegisterFileTop/RegFile_reg[0][3]

  Ref  DFF        Ref:/WORK/SystemTop/RegisterFileTop/RegFile_reg[0][4]
  Impl DFF        Imp:/WORK/SystemTop/RegisterFileTop/RegFile_reg[0][4]

  Ref  DFF        Ref:/WORK/SystemTop/RegisterFileTop/RegFile_reg[0][5]
  Impl DFF        Imp:/WORK/SystemTop/RegisterFileTop/RegFile_reg[0][5]

  Ref  DFF        Ref:/WORK/SystemTop/RegisterFileTop/RegFile_reg[0][6]
  Impl DFF        Imp:/WORK/SystemTop/RegisterFileTop/RegFile_reg[0][6]

  Ref  DFF        Ref:/WORK/SystemTop/RegisterFileTop/RegFile_reg[0][7]
  Impl DFF        Imp:/WORK/SystemTop/RegisterFileTop/RegFile_reg[0][7]

  Ref  DFF        Ref:/WORK/SystemTop/RegisterFileTop/RegFile_reg[10][0]
  Impl DFF        Imp:/WORK/SystemTop/RegisterFileTop/RegFile_reg[10][0]

  Ref  DFF        Ref:/WORK/SystemTop/RegisterFileTop/RegFile_reg[10][1]
  Impl DFF        Imp:/WORK/SystemTop/RegisterFileTop/RegFile_reg[10][1]

  Ref  DFF        Ref:/WORK/SystemTop/RegisterFileTop/RegFile_reg[10][2]
  Impl DFF        Imp:/WORK/SystemTop/RegisterFileTop/RegFile_reg[10][2]

  Ref  DFF        Ref:/WORK/SystemTop/RegisterFileTop/RegFile_reg[10][3]
  Impl DFF        Imp:/WORK/SystemTop/RegisterFileTop/RegFile_reg[10][3]

  Ref  DFF        Ref:/WORK/SystemTop/RegisterFileTop/RegFile_reg[10][4]
  Impl DFF        Imp:/WORK/SystemTop/RegisterFileTop/RegFile_reg[10][4]

  Ref  DFF        Ref:/WORK/SystemTop/RegisterFileTop/RegFile_reg[10][5]
  Impl DFF        Imp:/WORK/SystemTop/RegisterFileTop/RegFile_reg[10][5]

  Ref  DFF        Ref:/WORK/SystemTop/RegisterFileTop/RegFile_reg[10][6]
  Impl DFF        Imp:/WORK/SystemTop/RegisterFileTop/RegFile_reg[10][6]

  Ref  DFF        Ref:/WORK/SystemTop/RegisterFileTop/RegFile_reg[10][7]
  Impl DFF        Imp:/WORK/SystemTop/RegisterFileTop/RegFile_reg[10][7]

  Ref  DFF        Ref:/WORK/SystemTop/RegisterFileTop/RegFile_reg[11][0]
  Impl DFF        Imp:/WORK/SystemTop/RegisterFileTop/RegFile_reg[11][0]

  Ref  DFF        Ref:/WORK/SystemTop/RegisterFileTop/RegFile_reg[11][1]
  Impl DFF        Imp:/WORK/SystemTop/RegisterFileTop/RegFile_reg[11][1]

  Ref  DFF        Ref:/WORK/SystemTop/RegisterFileTop/RegFile_reg[11][2]
  Impl DFF        Imp:/WORK/SystemTop/RegisterFileTop/RegFile_reg[11][2]

  Ref  DFF        Ref:/WORK/SystemTop/RegisterFileTop/RegFile_reg[11][3]
  Impl DFF        Imp:/WORK/SystemTop/RegisterFileTop/RegFile_reg[11][3]

  Ref  DFF        Ref:/WORK/SystemTop/RegisterFileTop/RegFile_reg[11][4]
  Impl DFF        Imp:/WORK/SystemTop/RegisterFileTop/RegFile_reg[11][4]

  Ref  DFF        Ref:/WORK/SystemTop/RegisterFileTop/RegFile_reg[11][5]
  Impl DFF        Imp:/WORK/SystemTop/RegisterFileTop/RegFile_reg[11][5]

  Ref  DFF        Ref:/WORK/SystemTop/RegisterFileTop/RegFile_reg[11][6]
  Impl DFF        Imp:/WORK/SystemTop/RegisterFileTop/RegFile_reg[11][6]

  Ref  DFF        Ref:/WORK/SystemTop/RegisterFileTop/RegFile_reg[11][7]
  Impl DFF        Imp:/WORK/SystemTop/RegisterFileTop/RegFile_reg[11][7]

  Ref  DFF        Ref:/WORK/SystemTop/RegisterFileTop/RegFile_reg[12][0]
  Impl DFF        Imp:/WORK/SystemTop/RegisterFileTop/RegFile_reg[12][0]

  Ref  DFF        Ref:/WORK/SystemTop/RegisterFileTop/RegFile_reg[12][1]
  Impl DFF        Imp:/WORK/SystemTop/RegisterFileTop/RegFile_reg[12][1]

  Ref  DFF        Ref:/WORK/SystemTop/RegisterFileTop/RegFile_reg[12][2]
  Impl DFF        Imp:/WORK/SystemTop/RegisterFileTop/RegFile_reg[12][2]

  Ref  DFF        Ref:/WORK/SystemTop/RegisterFileTop/RegFile_reg[12][3]
  Impl DFF        Imp:/WORK/SystemTop/RegisterFileTop/RegFile_reg[12][3]

  Ref  DFF        Ref:/WORK/SystemTop/RegisterFileTop/RegFile_reg[12][4]
  Impl DFF        Imp:/WORK/SystemTop/RegisterFileTop/RegFile_reg[12][4]

  Ref  DFF        Ref:/WORK/SystemTop/RegisterFileTop/RegFile_reg[12][5]
  Impl DFF        Imp:/WORK/SystemTop/RegisterFileTop/RegFile_reg[12][5]

  Ref  DFF        Ref:/WORK/SystemTop/RegisterFileTop/RegFile_reg[12][6]
  Impl DFF        Imp:/WORK/SystemTop/RegisterFileTop/RegFile_reg[12][6]

  Ref  DFF        Ref:/WORK/SystemTop/RegisterFileTop/RegFile_reg[12][7]
  Impl DFF        Imp:/WORK/SystemTop/RegisterFileTop/RegFile_reg[12][7]

  Ref  DFF        Ref:/WORK/SystemTop/RegisterFileTop/RegFile_reg[13][0]
  Impl DFF        Imp:/WORK/SystemTop/RegisterFileTop/RegFile_reg[13][0]

  Ref  DFF        Ref:/WORK/SystemTop/RegisterFileTop/RegFile_reg[13][1]
  Impl DFF        Imp:/WORK/SystemTop/RegisterFileTop/RegFile_reg[13][1]

  Ref  DFF        Ref:/WORK/SystemTop/RegisterFileTop/RegFile_reg[13][2]
  Impl DFF        Imp:/WORK/SystemTop/RegisterFileTop/RegFile_reg[13][2]

  Ref  DFF        Ref:/WORK/SystemTop/RegisterFileTop/RegFile_reg[13][3]
  Impl DFF        Imp:/WORK/SystemTop/RegisterFileTop/RegFile_reg[13][3]

  Ref  DFF        Ref:/WORK/SystemTop/RegisterFileTop/RegFile_reg[13][4]
  Impl DFF        Imp:/WORK/SystemTop/RegisterFileTop/RegFile_reg[13][4]

  Ref  DFF        Ref:/WORK/SystemTop/RegisterFileTop/RegFile_reg[13][5]
  Impl DFF        Imp:/WORK/SystemTop/RegisterFileTop/RegFile_reg[13][5]

  Ref  DFF        Ref:/WORK/SystemTop/RegisterFileTop/RegFile_reg[13][6]
  Impl DFF        Imp:/WORK/SystemTop/RegisterFileTop/RegFile_reg[13][6]

  Ref  DFF        Ref:/WORK/SystemTop/RegisterFileTop/RegFile_reg[13][7]
  Impl DFF        Imp:/WORK/SystemTop/RegisterFileTop/RegFile_reg[13][7]

  Ref  DFF        Ref:/WORK/SystemTop/RegisterFileTop/RegFile_reg[14][0]
  Impl DFF        Imp:/WORK/SystemTop/RegisterFileTop/RegFile_reg[14][0]

  Ref  DFF        Ref:/WORK/SystemTop/RegisterFileTop/RegFile_reg[14][1]
  Impl DFF        Imp:/WORK/SystemTop/RegisterFileTop/RegFile_reg[14][1]

  Ref  DFF        Ref:/WORK/SystemTop/RegisterFileTop/RegFile_reg[14][2]
  Impl DFF        Imp:/WORK/SystemTop/RegisterFileTop/RegFile_reg[14][2]

  Ref  DFF        Ref:/WORK/SystemTop/RegisterFileTop/RegFile_reg[14][3]
  Impl DFF        Imp:/WORK/SystemTop/RegisterFileTop/RegFile_reg[14][3]

  Ref  DFF        Ref:/WORK/SystemTop/RegisterFileTop/RegFile_reg[14][4]
  Impl DFF        Imp:/WORK/SystemTop/RegisterFileTop/RegFile_reg[14][4]

  Ref  DFF        Ref:/WORK/SystemTop/RegisterFileTop/RegFile_reg[14][5]
  Impl DFF        Imp:/WORK/SystemTop/RegisterFileTop/RegFile_reg[14][5]

  Ref  DFF        Ref:/WORK/SystemTop/RegisterFileTop/RegFile_reg[14][6]
  Impl DFF        Imp:/WORK/SystemTop/RegisterFileTop/RegFile_reg[14][6]

  Ref  DFF        Ref:/WORK/SystemTop/RegisterFileTop/RegFile_reg[14][7]
  Impl DFF        Imp:/WORK/SystemTop/RegisterFileTop/RegFile_reg[14][7]

  Ref  DFF        Ref:/WORK/SystemTop/RegisterFileTop/RegFile_reg[15][0]
  Impl DFF        Imp:/WORK/SystemTop/RegisterFileTop/RegFile_reg[15][0]

  Ref  DFF        Ref:/WORK/SystemTop/RegisterFileTop/RegFile_reg[15][1]
  Impl DFF        Imp:/WORK/SystemTop/RegisterFileTop/RegFile_reg[15][1]

  Ref  DFF        Ref:/WORK/SystemTop/RegisterFileTop/RegFile_reg[15][2]
  Impl DFF        Imp:/WORK/SystemTop/RegisterFileTop/RegFile_reg[15][2]

  Ref  DFF        Ref:/WORK/SystemTop/RegisterFileTop/RegFile_reg[15][3]
  Impl DFF        Imp:/WORK/SystemTop/RegisterFileTop/RegFile_reg[15][3]

  Ref  DFF        Ref:/WORK/SystemTop/RegisterFileTop/RegFile_reg[15][4]
  Impl DFF        Imp:/WORK/SystemTop/RegisterFileTop/RegFile_reg[15][4]

  Ref  DFF        Ref:/WORK/SystemTop/RegisterFileTop/RegFile_reg[15][5]
  Impl DFF        Imp:/WORK/SystemTop/RegisterFileTop/RegFile_reg[15][5]

  Ref  DFF        Ref:/WORK/SystemTop/RegisterFileTop/RegFile_reg[15][6]
  Impl DFF        Imp:/WORK/SystemTop/RegisterFileTop/RegFile_reg[15][6]

  Ref  DFF        Ref:/WORK/SystemTop/RegisterFileTop/RegFile_reg[15][7]
  Impl DFF        Imp:/WORK/SystemTop/RegisterFileTop/RegFile_reg[15][7]

  Ref  DFF        Ref:/WORK/SystemTop/RegisterFileTop/RegFile_reg[1][0]
  Impl DFF        Imp:/WORK/SystemTop/RegisterFileTop/RegFile_reg[1][0]

  Ref  DFF        Ref:/WORK/SystemTop/RegisterFileTop/RegFile_reg[1][1]
  Impl DFF        Imp:/WORK/SystemTop/RegisterFileTop/RegFile_reg[1][1]

  Ref  DFF        Ref:/WORK/SystemTop/RegisterFileTop/RegFile_reg[1][2]
  Impl DFF        Imp:/WORK/SystemTop/RegisterFileTop/RegFile_reg[1][2]

  Ref  DFF        Ref:/WORK/SystemTop/RegisterFileTop/RegFile_reg[1][3]
  Impl DFF        Imp:/WORK/SystemTop/RegisterFileTop/RegFile_reg[1][3]

  Ref  DFF        Ref:/WORK/SystemTop/RegisterFileTop/RegFile_reg[1][4]
  Impl DFF        Imp:/WORK/SystemTop/RegisterFileTop/RegFile_reg[1][4]

  Ref  DFF        Ref:/WORK/SystemTop/RegisterFileTop/RegFile_reg[1][5]
  Impl DFF        Imp:/WORK/SystemTop/RegisterFileTop/RegFile_reg[1][5]

  Ref  DFF        Ref:/WORK/SystemTop/RegisterFileTop/RegFile_reg[1][6]
  Impl DFF        Imp:/WORK/SystemTop/RegisterFileTop/RegFile_reg[1][6]

  Ref  DFF        Ref:/WORK/SystemTop/RegisterFileTop/RegFile_reg[1][7]
  Impl DFF        Imp:/WORK/SystemTop/RegisterFileTop/RegFile_reg[1][7]

  Ref  DFF        Ref:/WORK/SystemTop/RegisterFileTop/RegFile_reg[2][0]
  Impl DFF        Imp:/WORK/SystemTop/RegisterFileTop/RegFile_reg[2][0]

  Ref  DFF        Ref:/WORK/SystemTop/RegisterFileTop/RegFile_reg[2][1]
  Impl DFF        Imp:/WORK/SystemTop/RegisterFileTop/RegFile_reg[2][1]

  Ref  DFF        Ref:/WORK/SystemTop/RegisterFileTop/RegFile_reg[2][2]
  Impl DFF        Imp:/WORK/SystemTop/RegisterFileTop/RegFile_reg[2][2]

  Ref  DFF        Ref:/WORK/SystemTop/RegisterFileTop/RegFile_reg[2][3]
  Impl DFF        Imp:/WORK/SystemTop/RegisterFileTop/RegFile_reg[2][3]

  Ref  DFF        Ref:/WORK/SystemTop/RegisterFileTop/RegFile_reg[2][4]
  Impl DFF        Imp:/WORK/SystemTop/RegisterFileTop/RegFile_reg[2][4]

  Ref  DFF        Ref:/WORK/SystemTop/RegisterFileTop/RegFile_reg[2][5]
  Impl DFF        Imp:/WORK/SystemTop/RegisterFileTop/RegFile_reg[2][5]

  Ref  DFF        Ref:/WORK/SystemTop/RegisterFileTop/RegFile_reg[2][6]
  Impl DFF        Imp:/WORK/SystemTop/RegisterFileTop/RegFile_reg[2][6]

  Ref  DFF        Ref:/WORK/SystemTop/RegisterFileTop/RegFile_reg[2][7]
  Impl DFF        Imp:/WORK/SystemTop/RegisterFileTop/RegFile_reg[2][7]

  Ref  DFF        Ref:/WORK/SystemTop/RegisterFileTop/RegFile_reg[3][0]
  Impl DFF        Imp:/WORK/SystemTop/RegisterFileTop/RegFile_reg[3][0]

  Ref  DFF        Ref:/WORK/SystemTop/RegisterFileTop/RegFile_reg[3][1]
  Impl DFF        Imp:/WORK/SystemTop/RegisterFileTop/RegFile_reg[3][1]

  Ref  DFF        Ref:/WORK/SystemTop/RegisterFileTop/RegFile_reg[3][2]
  Impl DFF        Imp:/WORK/SystemTop/RegisterFileTop/RegFile_reg[3][2]

  Ref  DFF        Ref:/WORK/SystemTop/RegisterFileTop/RegFile_reg[3][3]
  Impl DFF        Imp:/WORK/SystemTop/RegisterFileTop/RegFile_reg[3][3]

  Ref  DFF        Ref:/WORK/SystemTop/RegisterFileTop/RegFile_reg[3][4]
  Impl DFF        Imp:/WORK/SystemTop/RegisterFileTop/RegFile_reg[3][4]

  Ref  DFF        Ref:/WORK/SystemTop/RegisterFileTop/RegFile_reg[3][5]
  Impl DFF        Imp:/WORK/SystemTop/RegisterFileTop/RegFile_reg[3][5]

  Ref  DFF        Ref:/WORK/SystemTop/RegisterFileTop/RegFile_reg[3][6]
  Impl DFF        Imp:/WORK/SystemTop/RegisterFileTop/RegFile_reg[3][6]

  Ref  DFF        Ref:/WORK/SystemTop/RegisterFileTop/RegFile_reg[3][7]
  Impl DFF        Imp:/WORK/SystemTop/RegisterFileTop/RegFile_reg[3][7]

  Ref  DFF        Ref:/WORK/SystemTop/RegisterFileTop/RegFile_reg[4][0]
  Impl DFF        Imp:/WORK/SystemTop/RegisterFileTop/RegFile_reg[4][0]

  Ref  DFF        Ref:/WORK/SystemTop/RegisterFileTop/RegFile_reg[4][1]
  Impl DFF        Imp:/WORK/SystemTop/RegisterFileTop/RegFile_reg[4][1]

  Ref  DFF        Ref:/WORK/SystemTop/RegisterFileTop/RegFile_reg[4][2]
  Impl DFF        Imp:/WORK/SystemTop/RegisterFileTop/RegFile_reg[4][2]

  Ref  DFF        Ref:/WORK/SystemTop/RegisterFileTop/RegFile_reg[4][3]
  Impl DFF        Imp:/WORK/SystemTop/RegisterFileTop/RegFile_reg[4][3]

  Ref  DFF        Ref:/WORK/SystemTop/RegisterFileTop/RegFile_reg[4][4]
  Impl DFF        Imp:/WORK/SystemTop/RegisterFileTop/RegFile_reg[4][4]

  Ref  DFF        Ref:/WORK/SystemTop/RegisterFileTop/RegFile_reg[4][5]
  Impl DFF        Imp:/WORK/SystemTop/RegisterFileTop/RegFile_reg[4][5]

  Ref  DFF        Ref:/WORK/SystemTop/RegisterFileTop/RegFile_reg[4][6]
  Impl DFF        Imp:/WORK/SystemTop/RegisterFileTop/RegFile_reg[4][6]

  Ref  DFF        Ref:/WORK/SystemTop/RegisterFileTop/RegFile_reg[4][7]
  Impl DFF        Imp:/WORK/SystemTop/RegisterFileTop/RegFile_reg[4][7]

  Ref  DFF        Ref:/WORK/SystemTop/RegisterFileTop/RegFile_reg[5][0]
  Impl DFF        Imp:/WORK/SystemTop/RegisterFileTop/RegFile_reg[5][0]

  Ref  DFF        Ref:/WORK/SystemTop/RegisterFileTop/RegFile_reg[5][1]
  Impl DFF        Imp:/WORK/SystemTop/RegisterFileTop/RegFile_reg[5][1]

  Ref  DFF        Ref:/WORK/SystemTop/RegisterFileTop/RegFile_reg[5][2]
  Impl DFF        Imp:/WORK/SystemTop/RegisterFileTop/RegFile_reg[5][2]

  Ref  DFF        Ref:/WORK/SystemTop/RegisterFileTop/RegFile_reg[5][3]
  Impl DFF        Imp:/WORK/SystemTop/RegisterFileTop/RegFile_reg[5][3]

  Ref  DFF        Ref:/WORK/SystemTop/RegisterFileTop/RegFile_reg[5][4]
  Impl DFF        Imp:/WORK/SystemTop/RegisterFileTop/RegFile_reg[5][4]

  Ref  DFF        Ref:/WORK/SystemTop/RegisterFileTop/RegFile_reg[5][5]
  Impl DFF        Imp:/WORK/SystemTop/RegisterFileTop/RegFile_reg[5][5]

  Ref  DFF        Ref:/WORK/SystemTop/RegisterFileTop/RegFile_reg[5][6]
  Impl DFF        Imp:/WORK/SystemTop/RegisterFileTop/RegFile_reg[5][6]

  Ref  DFF        Ref:/WORK/SystemTop/RegisterFileTop/RegFile_reg[5][7]
  Impl DFF        Imp:/WORK/SystemTop/RegisterFileTop/RegFile_reg[5][7]

  Ref  DFF        Ref:/WORK/SystemTop/RegisterFileTop/RegFile_reg[6][0]
  Impl DFF        Imp:/WORK/SystemTop/RegisterFileTop/RegFile_reg[6][0]

  Ref  DFF        Ref:/WORK/SystemTop/RegisterFileTop/RegFile_reg[6][1]
  Impl DFF        Imp:/WORK/SystemTop/RegisterFileTop/RegFile_reg[6][1]

  Ref  DFF        Ref:/WORK/SystemTop/RegisterFileTop/RegFile_reg[6][2]
  Impl DFF        Imp:/WORK/SystemTop/RegisterFileTop/RegFile_reg[6][2]

  Ref  DFF        Ref:/WORK/SystemTop/RegisterFileTop/RegFile_reg[6][3]
  Impl DFF        Imp:/WORK/SystemTop/RegisterFileTop/RegFile_reg[6][3]

  Ref  DFF        Ref:/WORK/SystemTop/RegisterFileTop/RegFile_reg[6][4]
  Impl DFF        Imp:/WORK/SystemTop/RegisterFileTop/RegFile_reg[6][4]

  Ref  DFF        Ref:/WORK/SystemTop/RegisterFileTop/RegFile_reg[6][5]
  Impl DFF        Imp:/WORK/SystemTop/RegisterFileTop/RegFile_reg[6][5]

  Ref  DFF        Ref:/WORK/SystemTop/RegisterFileTop/RegFile_reg[6][6]
  Impl DFF        Imp:/WORK/SystemTop/RegisterFileTop/RegFile_reg[6][6]

  Ref  DFF        Ref:/WORK/SystemTop/RegisterFileTop/RegFile_reg[6][7]
  Impl DFF        Imp:/WORK/SystemTop/RegisterFileTop/RegFile_reg[6][7]

  Ref  DFF        Ref:/WORK/SystemTop/RegisterFileTop/RegFile_reg[7][0]
  Impl DFF        Imp:/WORK/SystemTop/RegisterFileTop/RegFile_reg[7][0]

  Ref  DFF        Ref:/WORK/SystemTop/RegisterFileTop/RegFile_reg[7][1]
  Impl DFF        Imp:/WORK/SystemTop/RegisterFileTop/RegFile_reg[7][1]

  Ref  DFF        Ref:/WORK/SystemTop/RegisterFileTop/RegFile_reg[7][2]
  Impl DFF        Imp:/WORK/SystemTop/RegisterFileTop/RegFile_reg[7][2]

  Ref  DFF        Ref:/WORK/SystemTop/RegisterFileTop/RegFile_reg[7][3]
  Impl DFF        Imp:/WORK/SystemTop/RegisterFileTop/RegFile_reg[7][3]

  Ref  DFF        Ref:/WORK/SystemTop/RegisterFileTop/RegFile_reg[7][4]
  Impl DFF        Imp:/WORK/SystemTop/RegisterFileTop/RegFile_reg[7][4]

  Ref  DFF        Ref:/WORK/SystemTop/RegisterFileTop/RegFile_reg[7][5]
  Impl DFF        Imp:/WORK/SystemTop/RegisterFileTop/RegFile_reg[7][5]

  Ref  DFF        Ref:/WORK/SystemTop/RegisterFileTop/RegFile_reg[7][6]
  Impl DFF        Imp:/WORK/SystemTop/RegisterFileTop/RegFile_reg[7][6]

  Ref  DFF        Ref:/WORK/SystemTop/RegisterFileTop/RegFile_reg[7][7]
  Impl DFF        Imp:/WORK/SystemTop/RegisterFileTop/RegFile_reg[7][7]

  Ref  DFF        Ref:/WORK/SystemTop/RegisterFileTop/RegFile_reg[8][0]
  Impl DFF        Imp:/WORK/SystemTop/RegisterFileTop/RegFile_reg[8][0]

  Ref  DFF        Ref:/WORK/SystemTop/RegisterFileTop/RegFile_reg[8][1]
  Impl DFF        Imp:/WORK/SystemTop/RegisterFileTop/RegFile_reg[8][1]

  Ref  DFF        Ref:/WORK/SystemTop/RegisterFileTop/RegFile_reg[8][2]
  Impl DFF        Imp:/WORK/SystemTop/RegisterFileTop/RegFile_reg[8][2]

  Ref  DFF        Ref:/WORK/SystemTop/RegisterFileTop/RegFile_reg[8][3]
  Impl DFF        Imp:/WORK/SystemTop/RegisterFileTop/RegFile_reg[8][3]

  Ref  DFF        Ref:/WORK/SystemTop/RegisterFileTop/RegFile_reg[8][4]
  Impl DFF        Imp:/WORK/SystemTop/RegisterFileTop/RegFile_reg[8][4]

  Ref  DFF        Ref:/WORK/SystemTop/RegisterFileTop/RegFile_reg[8][5]
  Impl DFF        Imp:/WORK/SystemTop/RegisterFileTop/RegFile_reg[8][5]

  Ref  DFF        Ref:/WORK/SystemTop/RegisterFileTop/RegFile_reg[8][6]
  Impl DFF        Imp:/WORK/SystemTop/RegisterFileTop/RegFile_reg[8][6]

  Ref  DFF        Ref:/WORK/SystemTop/RegisterFileTop/RegFile_reg[8][7]
  Impl DFF        Imp:/WORK/SystemTop/RegisterFileTop/RegFile_reg[8][7]

  Ref  DFF        Ref:/WORK/SystemTop/RegisterFileTop/RegFile_reg[9][0]
  Impl DFF        Imp:/WORK/SystemTop/RegisterFileTop/RegFile_reg[9][0]

  Ref  DFF        Ref:/WORK/SystemTop/RegisterFileTop/RegFile_reg[9][1]
  Impl DFF        Imp:/WORK/SystemTop/RegisterFileTop/RegFile_reg[9][1]

  Ref  DFF        Ref:/WORK/SystemTop/RegisterFileTop/RegFile_reg[9][2]
  Impl DFF        Imp:/WORK/SystemTop/RegisterFileTop/RegFile_reg[9][2]

  Ref  DFF        Ref:/WORK/SystemTop/RegisterFileTop/RegFile_reg[9][3]
  Impl DFF        Imp:/WORK/SystemTop/RegisterFileTop/RegFile_reg[9][3]

  Ref  DFF        Ref:/WORK/SystemTop/RegisterFileTop/RegFile_reg[9][4]
  Impl DFF        Imp:/WORK/SystemTop/RegisterFileTop/RegFile_reg[9][4]

  Ref  DFF        Ref:/WORK/SystemTop/RegisterFileTop/RegFile_reg[9][5]
  Impl DFF        Imp:/WORK/SystemTop/RegisterFileTop/RegFile_reg[9][5]

  Ref  DFF        Ref:/WORK/SystemTop/RegisterFileTop/RegFile_reg[9][6]
  Impl DFF        Imp:/WORK/SystemTop/RegisterFileTop/RegFile_reg[9][6]

  Ref  DFF        Ref:/WORK/SystemTop/RegisterFileTop/RegFile_reg[9][7]
  Impl DFF        Imp:/WORK/SystemTop/RegisterFileTop/RegFile_reg[9][7]

  Ref  DFF        Ref:/WORK/SystemTop/ResetSyncREF/SYNC_RST_reg
  Impl DFF        Imp:/WORK/SystemTop/ResetSyncREF/SYNC_RST_reg

  Ref  DFF        Ref:/WORK/SystemTop/ResetSyncREF/int_sig_reg
  Impl DFF        Imp:/WORK/SystemTop/ResetSyncREF/int_sig_reg

  Ref  DFF        Ref:/WORK/SystemTop/ResetSyncUART/SYNC_RST_reg
  Impl DFF        Imp:/WORK/SystemTop/ResetSyncUART/SYNC_RST_reg

  Ref  DFF        Ref:/WORK/SystemTop/ResetSyncUART/int_sig_reg
  Impl DFF        Imp:/WORK/SystemTop/ResetSyncUART/int_sig_reg

  Ref  DFF        Ref:/WORK/SystemTop/SystemControlTop/CTRL_RX_TOP/current_state_reg[0]
  Impl DFF        Imp:/WORK/SystemTop/SystemControlTop/CTRL_RX_TOP/current_state_reg[0]

  Ref  DFF        Ref:/WORK/SystemTop/SystemControlTop/CTRL_RX_TOP/current_state_reg[1]
  Impl DFF        Imp:/WORK/SystemTop/SystemControlTop/CTRL_RX_TOP/current_state_reg[1]

  Ref  DFF        Ref:/WORK/SystemTop/SystemControlTop/CTRL_RX_TOP/current_state_reg[2]
  Impl DFF        Imp:/WORK/SystemTop/SystemControlTop/CTRL_RX_TOP/current_state_reg[2]

  Ref  DFF        Ref:/WORK/SystemTop/SystemControlTop/CTRL_TX_TOP/current_state_reg[0]
  Impl DFF        Imp:/WORK/SystemTop/SystemControlTop/CTRL_TX_TOP/current_state_reg[0]

  Ref  DFF        Ref:/WORK/SystemTop/SystemControlTop/CTRL_TX_TOP/current_state_reg[1]
  Impl DFF        Imp:/WORK/SystemTop/SystemControlTop/CTRL_TX_TOP/current_state_reg[1]

  Ref  DFF        Ref:/WORK/SystemTop/SystemControlTop/CTRL_TX_TOP/current_state_reg[2]
  Impl DFF        Imp:/WORK/SystemTop/SystemControlTop/CTRL_TX_TOP/current_state_reg[2]

  Ref  DFF        Ref:/WORK/SystemTop/TX_VLD_SYNC/SyncBit_reg
  Impl DFF        Imp:/WORK/SystemTop/TX_VLD_SYNC/SyncBit_reg

  Ref  DFF        Ref:/WORK/SystemTop/TX_VLD_SYNC/int_sig_reg
  Impl DFF        Imp:/WORK/SystemTop/TX_VLD_SYNC/int_sig_reg

  Ref  DFF        Ref:/WORK/SystemTop/UART_TOP/UART_RX_TOP/CounterTop/BitCounter_reg[0]
  Impl DFF        Imp:/WORK/SystemTop/UART_TOP/UART_RX_TOP/CounterTop/BitCounter_reg[0]

  Ref  DFF        Ref:/WORK/SystemTop/UART_TOP/UART_RX_TOP/CounterTop/BitCounter_reg[1]
  Impl DFF        Imp:/WORK/SystemTop/UART_TOP/UART_RX_TOP/CounterTop/BitCounter_reg[1]

  Ref  DFF        Ref:/WORK/SystemTop/UART_TOP/UART_RX_TOP/CounterTop/BitCounter_reg[2]
  Impl DFF        Imp:/WORK/SystemTop/UART_TOP/UART_RX_TOP/CounterTop/BitCounter_reg[2]

  Ref  DFF        Ref:/WORK/SystemTop/UART_TOP/UART_RX_TOP/CounterTop/BitCounter_reg[3]
  Impl DFF        Imp:/WORK/SystemTop/UART_TOP/UART_RX_TOP/CounterTop/BitCounter_reg[3]

  Ref  DFF        Ref:/WORK/SystemTop/UART_TOP/UART_RX_TOP/CounterTop/EdgeCounter_reg[0]
  Impl DFF        Imp:/WORK/SystemTop/UART_TOP/UART_RX_TOP/CounterTop/EdgeCounter_reg[0]

  Ref  DFF        Ref:/WORK/SystemTop/UART_TOP/UART_RX_TOP/CounterTop/EdgeCounter_reg[1]
  Impl DFF        Imp:/WORK/SystemTop/UART_TOP/UART_RX_TOP/CounterTop/EdgeCounter_reg[1]

  Ref  DFF        Ref:/WORK/SystemTop/UART_TOP/UART_RX_TOP/CounterTop/EdgeCounter_reg[2]
  Impl DFF        Imp:/WORK/SystemTop/UART_TOP/UART_RX_TOP/CounterTop/EdgeCounter_reg[2]

  Ref  DFF        Ref:/WORK/SystemTop/UART_TOP/UART_RX_TOP/DeserializerTop/IntPData_reg[0]
  Impl DFF        Imp:/WORK/SystemTop/UART_TOP/UART_RX_TOP/DeserializerTop/IntPData_reg[0]

  Ref  DFF        Ref:/WORK/SystemTop/UART_TOP/UART_RX_TOP/DeserializerTop/IntPData_reg[1]
  Impl DFF        Imp:/WORK/SystemTop/UART_TOP/UART_RX_TOP/DeserializerTop/IntPData_reg[1]

  Ref  DFF        Ref:/WORK/SystemTop/UART_TOP/UART_RX_TOP/DeserializerTop/IntPData_reg[2]
  Impl DFF        Imp:/WORK/SystemTop/UART_TOP/UART_RX_TOP/DeserializerTop/IntPData_reg[2]

  Ref  DFF        Ref:/WORK/SystemTop/UART_TOP/UART_RX_TOP/DeserializerTop/IntPData_reg[3]
  Impl DFF        Imp:/WORK/SystemTop/UART_TOP/UART_RX_TOP/DeserializerTop/IntPData_reg[3]

  Ref  DFF        Ref:/WORK/SystemTop/UART_TOP/UART_RX_TOP/DeserializerTop/IntPData_reg[4]
  Impl DFF        Imp:/WORK/SystemTop/UART_TOP/UART_RX_TOP/DeserializerTop/IntPData_reg[4]

  Ref  DFF        Ref:/WORK/SystemTop/UART_TOP/UART_RX_TOP/DeserializerTop/IntPData_reg[5]
  Impl DFF        Imp:/WORK/SystemTop/UART_TOP/UART_RX_TOP/DeserializerTop/IntPData_reg[5]

  Ref  DFF        Ref:/WORK/SystemTop/UART_TOP/UART_RX_TOP/DeserializerTop/IntPData_reg[6]
  Impl DFF        Imp:/WORK/SystemTop/UART_TOP/UART_RX_TOP/DeserializerTop/IntPData_reg[6]

  Ref  DFF        Ref:/WORK/SystemTop/UART_TOP/UART_RX_TOP/DeserializerTop/IntPData_reg[7]
  Impl DFF        Imp:/WORK/SystemTop/UART_TOP/UART_RX_TOP/DeserializerTop/IntPData_reg[7]

  Ref  DFF        Ref:/WORK/SystemTop/UART_TOP/UART_RX_TOP/DeserializerTop/PData_reg[0]
  Impl DFF        Imp:/WORK/SystemTop/UART_TOP/UART_RX_TOP/DeserializerTop/PData_reg[0]

  Ref  DFF        Ref:/WORK/SystemTop/UART_TOP/UART_RX_TOP/DeserializerTop/PData_reg[1]
  Impl DFF        Imp:/WORK/SystemTop/UART_TOP/UART_RX_TOP/DeserializerTop/PData_reg[1]

  Ref  DFF        Ref:/WORK/SystemTop/UART_TOP/UART_RX_TOP/DeserializerTop/PData_reg[2]
  Impl DFF        Imp:/WORK/SystemTop/UART_TOP/UART_RX_TOP/DeserializerTop/PData_reg[2]

  Ref  DFF        Ref:/WORK/SystemTop/UART_TOP/UART_RX_TOP/DeserializerTop/PData_reg[3]
  Impl DFF        Imp:/WORK/SystemTop/UART_TOP/UART_RX_TOP/DeserializerTop/PData_reg[3]

  Ref  DFF        Ref:/WORK/SystemTop/UART_TOP/UART_RX_TOP/DeserializerTop/PData_reg[4]
  Impl DFF        Imp:/WORK/SystemTop/UART_TOP/UART_RX_TOP/DeserializerTop/PData_reg[4]

  Ref  DFF        Ref:/WORK/SystemTop/UART_TOP/UART_RX_TOP/DeserializerTop/PData_reg[5]
  Impl DFF        Imp:/WORK/SystemTop/UART_TOP/UART_RX_TOP/DeserializerTop/PData_reg[5]

  Ref  DFF        Ref:/WORK/SystemTop/UART_TOP/UART_RX_TOP/DeserializerTop/PData_reg[6]
  Impl DFF        Imp:/WORK/SystemTop/UART_TOP/UART_RX_TOP/DeserializerTop/PData_reg[6]

  Ref  DFF        Ref:/WORK/SystemTop/UART_TOP/UART_RX_TOP/DeserializerTop/PData_reg[7]
  Impl DFF        Imp:/WORK/SystemTop/UART_TOP/UART_RX_TOP/DeserializerTop/PData_reg[7]

  Ref  DFF        Ref:/WORK/SystemTop/UART_TOP/UART_RX_TOP/FSMTop/PresentState_reg[0]
  Impl DFF        Imp:/WORK/SystemTop/UART_TOP/UART_RX_TOP/FSMTop/PresentState_reg[0]

  Ref  DFF        Ref:/WORK/SystemTop/UART_TOP/UART_RX_TOP/FSMTop/PresentState_reg[1]
  Impl DFF        Imp:/WORK/SystemTop/UART_TOP/UART_RX_TOP/FSMTop/PresentState_reg[1]

  Ref  DFF        Ref:/WORK/SystemTop/UART_TOP/UART_RX_TOP/FSMTop/PresentState_reg[2]
  Impl DFF        Imp:/WORK/SystemTop/UART_TOP/UART_RX_TOP/FSMTop/PresentState_reg[2]

  Ref  DFF        Ref:/WORK/SystemTop/UART_TOP/UART_RX_TOP/OverSamplingTop/SampledBit_reg
  Impl DFF        Imp:/WORK/SystemTop/UART_TOP/UART_RX_TOP/OverSamplingTop/SampledBit_reg

  Ref  DFF        Ref:/WORK/SystemTop/UART_TOP/UART_RX_TOP/OverSamplingTop/Samples_reg[0]
  Impl DFF        Imp:/WORK/SystemTop/UART_TOP/UART_RX_TOP/OverSamplingTop/Samples_reg[0]

  Ref  DFF        Ref:/WORK/SystemTop/UART_TOP/UART_RX_TOP/OverSamplingTop/Samples_reg[1]
  Impl DFF        Imp:/WORK/SystemTop/UART_TOP/UART_RX_TOP/OverSamplingTop/Samples_reg[1]

  Ref  DFF        Ref:/WORK/SystemTop/UART_TOP/UART_RX_TOP/OverSamplingTop/Samples_reg[2]
  Impl DFF        Imp:/WORK/SystemTop/UART_TOP/UART_RX_TOP/OverSamplingTop/Samples_reg[2]

  Ref  DFF        Ref:/WORK/SystemTop/UART_TOP/UART_RX_TOP/ParityCheckTop/CalculatedParity_reg
  Impl DFF        Imp:/WORK/SystemTop/UART_TOP/UART_RX_TOP/ParityCheckTop/CalculatedParity_reg

  Ref  DFF        Ref:/WORK/SystemTop/UART_TOP/UART_RX_TOP/ParityCheckTop/ParityError_reg
  Impl DFF        Imp:/WORK/SystemTop/UART_TOP/UART_RX_TOP/ParityCheckTop/ParityError_reg

  Ref  DFF        Ref:/WORK/SystemTop/UART_TOP/UART_RX_TOP/StartCheckTop/StartError_reg
  Impl DFF        Imp:/WORK/SystemTop/UART_TOP/UART_RX_TOP/StartCheckTop/StartError_reg

  Ref  DFF        Ref:/WORK/SystemTop/UART_TOP/UART_RX_TOP/StopCheckTop/StopError_reg
  Impl DFF        Imp:/WORK/SystemTop/UART_TOP/UART_RX_TOP/StopCheckTop/StopError_reg

  Ref  DFF        Ref:/WORK/SystemTop/UART_TOP/UART_TX_Top/FSMTopTX/PresentState_reg[0]
  Impl DFF        Imp:/WORK/SystemTop/UART_TOP/UART_TX_Top/FSMTopTX/PresentState_reg[0]

  Ref  DFF        Ref:/WORK/SystemTop/UART_TOP/UART_TX_Top/FSMTopTX/PresentState_reg[1]
  Impl DFF        Imp:/WORK/SystemTop/UART_TOP/UART_TX_Top/FSMTopTX/PresentState_reg[1]

  Ref  DFF        Ref:/WORK/SystemTop/UART_TOP/UART_TX_Top/FSMTopTX/PresentState_reg[2]
  Impl DFF        Imp:/WORK/SystemTop/UART_TOP/UART_TX_Top/FSMTopTX/PresentState_reg[2]

  Ref  DFF        Ref:/WORK/SystemTop/UART_TOP/UART_TX_Top/ParityCalcTop/ParityBit_reg
  Impl DFF        Imp:/WORK/SystemTop/UART_TOP/UART_TX_Top/ParityCalcTop/ParityBit_reg

  Ref  DFF        Ref:/WORK/SystemTop/UART_TOP/UART_TX_Top/SerializerTop/SerData_reg
  Impl DFF        Imp:/WORK/SystemTop/UART_TOP/UART_TX_Top/SerializerTop/SerData_reg

  Ref  DFF        Ref:/WORK/SystemTop/UART_TOP/UART_TX_Top/SerializerTop/SerDone_reg
  Impl DFF        Imp:/WORK/SystemTop/UART_TOP/UART_TX_Top/SerializerTop/SerDone_reg

  Ref  DFF        Ref:/WORK/SystemTop/UART_TOP/UART_TX_Top/SerializerTop/counter_reg[0]
  Impl DFF        Imp:/WORK/SystemTop/UART_TOP/UART_TX_Top/SerializerTop/counter_reg[0]

  Ref  DFF        Ref:/WORK/SystemTop/UART_TOP/UART_TX_Top/SerializerTop/counter_reg[1]
  Impl DFF        Imp:/WORK/SystemTop/UART_TOP/UART_TX_Top/SerializerTop/counter_reg[1]

  Ref  DFF        Ref:/WORK/SystemTop/UART_TOP/UART_TX_Top/SerializerTop/counter_reg[2]
  Impl DFF        Imp:/WORK/SystemTop/UART_TOP/UART_TX_Top/SerializerTop/counter_reg[2]

  Ref  DFF        Ref:/WORK/SystemTop/UART_TOP/UART_TX_Top/SerializerTop/parallel_reg[0]
  Impl DFF        Imp:/WORK/SystemTop/UART_TOP/UART_TX_Top/SerializerTop/parallel_reg[0]

  Ref  DFF        Ref:/WORK/SystemTop/UART_TOP/UART_TX_Top/SerializerTop/parallel_reg[1]
  Impl DFF        Imp:/WORK/SystemTop/UART_TOP/UART_TX_Top/SerializerTop/parallel_reg[1]

  Ref  DFF        Ref:/WORK/SystemTop/UART_TOP/UART_TX_Top/SerializerTop/parallel_reg[2]
  Impl DFF        Imp:/WORK/SystemTop/UART_TOP/UART_TX_Top/SerializerTop/parallel_reg[2]

  Ref  DFF        Ref:/WORK/SystemTop/UART_TOP/UART_TX_Top/SerializerTop/parallel_reg[3]
  Impl DFF        Imp:/WORK/SystemTop/UART_TOP/UART_TX_Top/SerializerTop/parallel_reg[3]

  Ref  DFF        Ref:/WORK/SystemTop/UART_TOP/UART_TX_Top/SerializerTop/parallel_reg[4]
  Impl DFF        Imp:/WORK/SystemTop/UART_TOP/UART_TX_Top/SerializerTop/parallel_reg[4]

  Ref  DFF        Ref:/WORK/SystemTop/UART_TOP/UART_TX_Top/SerializerTop/parallel_reg[5]
  Impl DFF        Imp:/WORK/SystemTop/UART_TOP/UART_TX_Top/SerializerTop/parallel_reg[5]

  Ref  DFF        Ref:/WORK/SystemTop/UART_TOP/UART_TX_Top/SerializerTop/parallel_reg[6]
  Impl DFF        Imp:/WORK/SystemTop/UART_TOP/UART_TX_Top/SerializerTop/parallel_reg[6]

  Ref  Port       Ref:/WORK/SystemTop/TX_OUT
  Impl Port       Imp:/WORK/SystemTop/TX_OUT

 [BBNet: multiply-driven net
  BBPin: black-box pin
  Cut:   cut-point
  DFF:   non-constant DFF register
  DFF0:  constant 0 DFF register
  DFF1:  constant 1 DFF register
  DFFX:  constant X DFF register
  DFF0X: constrained 0X DFF register
  DFF1X: constrained 1X DFF register
  LAT:   non-constant latch register
  LAT0:  constant 0 latch register
  LAT1:  constant 1 latch register
  LATX:  constant X latch register
  LAT0X: constrained 0X latch register
  LAT1X: constrained 1X latch register
  LATCG: clock-gating latch register
  TLA:   transparent latch register
  TLA0X: transparent constrained 0X latch register
  TLA1X: transparent constrained 1X latch register
  Loop:  cycle break point
  Port:  primary (top-level) port
  Und:   undriven signal cut-point
  Unk:   unknown signal cut-point]

1
