Warning: ICC has suggestions for improving your design.  Use "report_suggestions" for details.  (PSYN-1067)
[begin initializing data for legality checker]

Initializing Data Structure ...
INFO: legalizer_via_spacing_check_mode 0
  Reading technology information ...
    Technology table contains 10 routable metal layers
    Top most routable layer is set to be metal6
    This is considered as a 6-metal-layer design
    Reading library information from DB ...
  Reading misc information ...
    array <unit> has 0 vertical and 143 horizontal rows
    20 pre-routes for placement blockage/checking
    20 pre-routes for map congestion calculation
  Checking information read in ...
    design style = Horizontal masters, Horizontal rows

  Preprocessing design ...
    splitting rows by natural obstacles ...
... design style 0
... number of base array 1 0
INFO:... use original rows...
[end initializing data for legality checker]
Running global router for congestion map ...
Start Global Route ... 
[Init] Elapsed real time: 0:00:00 
[Init] Elapsed cpu  time: sys=0:00:00 usr=0:00:00 total=0:00:00
[Init] Stage (MB): Used    0  Alloctr    0  Proc    0 
[Init] Total (MB): Used    6  Alloctr    7  Proc 1286 
Printing options for 'set_route_zrt_common_options'

Printing options for 'set_route_zrt_global_options'

Begin global routing.
Warning: Cell contains tie connections which are not connected to real PG. (MW-349)
Turn off antenna since no rule is specified
Cell Min-Routing-Layer = metal1
Cell Max-Routing-Layer = metal6
Information: Multiple default contact via1_0 found for layer via1. (ZRT-021)
Information: Multiple default contact via1_1 found for layer via1. (ZRT-021)
Information: Multiple default contact via1_3 found for layer via1. (ZRT-021)
Information: Multiple default contact via1_5 found for layer via1. (ZRT-021)
Information: Multiple default contact via2_5 found for layer via2. (ZRT-021)
Information: Multiple default contact via2_6 found for layer via2. (ZRT-021)
Information: Multiple default contact via2_0 found for layer via2. (ZRT-021)
Information: Multiple default contact via2_1 found for layer via2. (ZRT-021)
Information: Multiple default contact via3_0 found for layer via3. (ZRT-021)
Via on layer (via1) needs more than one tracks
Warning: Layer metal1 pitch 0.140 may be too small: wire/via-down 0.140, wire/via-up 0.170. (ZRT-026)
Current Stage stats:
[End of Read DB] Elapsed real time: 0:00:00 
[End of Read DB] Elapsed cpu  time: sys=0:00:00 usr=0:00:00 total=0:00:00
[End of Read DB] Stage (MB): Used   19  Alloctr   19  Proc    0 
[End of Read DB] Total (MB): Used   26  Alloctr   26  Proc 1286 
Constructing data structure ...
Design statistics:
Design Bounding Box (0.00,0.00,220.07,220.20)
Number of routing layers = 10
layer metal1, dir Hor, min width = 0.07, min space = 0.06 pitch = 0.14
layer metal2, dir Ver, min width = 0.07, min space = 0.07 pitch = 0.19
layer metal3, dir Hor, min width = 0.07, min space = 0.07 pitch = 0.14
layer metal4, dir Ver, min width = 0.14, min space = 0.14 pitch = 0.28
layer metal5, dir Hor, min width = 0.14, min space = 0.14 pitch = 0.28
layer metal6, dir Ver, min width = 0.14, min space = 0.14 pitch = 0.28
layer metal7, dir Hor, min width = 0.40, min space = 0.40 pitch = 0.80
layer metal8, dir Ver, min width = 0.40, min space = 0.40 pitch = 0.80
layer metal9, dir Hor, min width = 0.80, min space = 0.80 pitch = 1.60
layer metal10, dir Ver, min width = 0.80, min space = 0.80 pitch = 1.60
Current Stage stats:
[End of Build Tech Data] Elapsed real time: 0:00:00 
[End of Build Tech Data] Elapsed cpu  time: sys=0:00:00 usr=0:00:00 total=0:00:00
[End of Build Tech Data] Stage (MB): Used    1  Alloctr    1  Proc    0 
[End of Build Tech Data] Total (MB): Used   28  Alloctr   28  Proc 1286 
Net statistics:
Total number of nets     = 1794
Number of nets to route  = 1790
Number of single or zero port nets = 2
1717 nets are partially connected,
 of which 0 are detail routed and 1717 are global routed.
2 nets are fully connected,
 of which 2 are detail routed and 0 are global routed.
Current Stage stats:
[End of Build All Nets] Elapsed real time: 0:00:00 
[End of Build All Nets] Elapsed cpu  time: sys=0:00:00 usr=0:00:00 total=0:00:00
[End of Build All Nets] Stage (MB): Used    0  Alloctr    0  Proc    0 
[End of Build All Nets] Total (MB): Used   27  Alloctr   28  Proc 1286 
Average gCell capacity  9.00	 on layer (1)	 metal1
Average gCell capacity  7.42	 on layer (2)	 metal2
Average gCell capacity  10.07	 on layer (3)	 metal3
Average gCell capacity  5.03	 on layer (4)	 metal4
Average gCell capacity  5.03	 on layer (5)	 metal5
Average gCell capacity  3.13	 on layer (6)	 metal6
Average gCell capacity  0.71	 on layer (7)	 metal7
Average gCell capacity  0.00	 on layer (8)	 metal8
Average gCell capacity  0.00	 on layer (9)	 metal9
Average gCell capacity  0.00	 on layer (10)	 metal10
Average number of tracks per gCell 10.08	 on layer (1)	 metal1
Average number of tracks per gCell 7.43	 on layer (2)	 metal2
Average number of tracks per gCell 10.08	 on layer (3)	 metal3
Average number of tracks per gCell 5.04	 on layer (4)	 metal4
Average number of tracks per gCell 5.04	 on layer (5)	 metal5
Average number of tracks per gCell 5.04	 on layer (6)	 metal6
Average number of tracks per gCell 1.77	 on layer (7)	 metal7
Average number of tracks per gCell 1.77	 on layer (8)	 metal8
Average number of tracks per gCell 0.89	 on layer (9)	 metal9
Average number of tracks per gCell 0.88	 on layer (10)	 metal10
Number of gCells = 243360
Current Stage stats:
[End of Build Congestion map] Elapsed real time: 0:00:00 
[End of Build Congestion map] Elapsed cpu  time: sys=0:00:00 usr=0:00:00 total=0:00:00
[End of Build Congestion map] Stage (MB): Used    0  Alloctr    0  Proc    0 
[End of Build Congestion map] Total (MB): Used   27  Alloctr   29  Proc 1286 
Total stats:
[End of Build Data] Elapsed real time: 0:00:00 
[End of Build Data] Elapsed cpu  time: sys=0:00:00 usr=0:00:00 total=0:00:00
[End of Build Data] Stage (MB): Used    1  Alloctr    2  Proc    0 
[End of Build Data] Total (MB): Used   27  Alloctr   29  Proc 1286 
Current Stage stats:
[End of Blocked Pin Detection] Elapsed real time: 0:00:00 
[End of Blocked Pin Detection] Elapsed cpu  time: sys=0:00:00 usr=0:00:00 total=0:00:00
[End of Blocked Pin Detection] Stage (MB): Used    0  Alloctr    0  Proc    0 
[End of Blocked Pin Detection] Total (MB): Used   27  Alloctr   29  Proc 1286 
Information: Using 1 threads for routing. (ZRT-444)
multi gcell levels ON

Start GR phase 0
Current Stage stats:
[End of Initial Routing] Elapsed real time: 0:00:00 
[End of Initial Routing] Elapsed cpu  time: sys=0:00:00 usr=0:00:00 total=0:00:00
[End of Initial Routing] Stage (MB): Used    1  Alloctr    0  Proc    0 
[End of Initial Routing] Total (MB): Used   28  Alloctr   29  Proc 1286 
Initial. Routing result:
Initial. Both Dirs: Overflow =    17 Max = 1 GRCs =    36 (0.07%)
Initial. H routing: Overflow =     2 Max = 1 (GRCs =  2) GRCs =     2 (0.01%)
Initial. V routing: Overflow =    15 Max = 1 (GRCs =  3) GRCs =    34 (0.14%)
Initial. metal1     Overflow =     1 Max = 1 (GRCs =  1) GRCs =     1 (0.00%)
Initial. metal2     Overflow =    15 Max = 1 (GRCs =  3) GRCs =    34 (0.14%)
Initial. metal3     Overflow =     1 Max = 1 (GRCs =  1) GRCs =     1 (0.00%)
Initial. metal4     Overflow =     0 Max = 0 (GRCs =  0) GRCs =     0 (0.00%)
Initial. metal5     Overflow =     0 Max = 0 (GRCs =  0) GRCs =     0 (0.00%)
Initial. metal6     Overflow =     0 Max = 0 (GRCs =  0) GRCs =     0 (0.00%)
Initial. metal7     Overflow =     0 Max = 0 (GRCs =  0) GRCs =     0 (0.00%)
Initial. metal8     Overflow =     0 Max = 0 (GRCs =  0) GRCs =     0 (0.00%)
Initial. metal9     Overflow =     0 Max = 0 (GRCs =  0) GRCs =     0 (0.00%)
Initial. metal10    Overflow =     0 Max = 0 (GRCs =  0) GRCs =     0 (0.00%)

Initial. Total Wire Length = 56668.78
Initial. Layer metal1 wire length = 3316.82
Initial. Layer metal2 wire length = 24899.15
Initial. Layer metal3 wire length = 27015.22
Initial. Layer metal4 wire length = 1437.60
Initial. Layer metal5 wire length = 0.00
Initial. Layer metal6 wire length = 0.00
Initial. Layer metal7 wire length = 0.00
Initial. Layer metal8 wire length = 0.00
Initial. Layer metal9 wire length = 0.00
Initial. Layer metal10 wire length = 0.00
Initial. Total Number of Contacts = 12519
Initial. Via via1_4 count = 6528
Initial. Via via2_8 count = 5843
Initial. Via via3_2 count = 148
Initial. Via via4_0 count = 0
Initial. Via via5_0 count = 0
Initial. Via via6_0 count = 0
Initial. Via via7_0 count = 0
Initial. Via via8_0 count = 0
Initial. Via via9_0 count = 0
Initial. completed.

Start GR phase 1
Current Stage stats:
[End of Phase1 Routing] Elapsed real time: 0:00:00 
[End of Phase1 Routing] Elapsed cpu  time: sys=0:00:00 usr=0:00:00 total=0:00:00
[End of Phase1 Routing] Stage (MB): Used    0  Alloctr    0  Proc    0 
[End of Phase1 Routing] Total (MB): Used   28  Alloctr   30  Proc 1286 
phase1. Routing result:
phase1. Both Dirs: Overflow =     4 Max = 1 GRCs =    12 (0.02%)
phase1. H routing: Overflow =     0 Max = 0 (GRCs =  0) GRCs =     0 (0.00%)
phase1. V routing: Overflow =     4 Max = 1 (GRCs =  1) GRCs =    12 (0.05%)
phase1. metal1     Overflow =     0 Max = 0 (GRCs =  0) GRCs =     0 (0.00%)
phase1. metal2     Overflow =     4 Max = 1 (GRCs =  1) GRCs =    12 (0.05%)
phase1. metal3     Overflow =     0 Max = 0 (GRCs =  0) GRCs =     0 (0.00%)
phase1. metal4     Overflow =     0 Max = 0 (GRCs =  0) GRCs =     0 (0.00%)
phase1. metal5     Overflow =     0 Max = 0 (GRCs =  0) GRCs =     0 (0.00%)
phase1. metal6     Overflow =     0 Max = 0 (GRCs =  0) GRCs =     0 (0.00%)
phase1. metal7     Overflow =     0 Max = 0 (GRCs =  0) GRCs =     0 (0.00%)
phase1. metal8     Overflow =     0 Max = 0 (GRCs =  0) GRCs =     0 (0.00%)
phase1. metal9     Overflow =     0 Max = 0 (GRCs =  0) GRCs =     0 (0.00%)
phase1. metal10    Overflow =     0 Max = 0 (GRCs =  0) GRCs =     0 (0.00%)

phase1. Total Wire Length = 56662.86
phase1. Layer metal1 wire length = 3333.66
phase1. Layer metal2 wire length = 24682.60
phase1. Layer metal3 wire length = 26992.46
phase1. Layer metal4 wire length = 1654.15
phase1. Layer metal5 wire length = 0.00
phase1. Layer metal6 wire length = 0.00
phase1. Layer metal7 wire length = 0.00
phase1. Layer metal8 wire length = 0.00
phase1. Layer metal9 wire length = 0.00
phase1. Layer metal10 wire length = 0.00
phase1. Total Number of Contacts = 12555
phase1. Via via1_4 count = 6525
phase1. Via via2_8 count = 5863
phase1. Via via3_2 count = 167
phase1. Via via4_0 count = 0
phase1. Via via5_0 count = 0
phase1. Via via6_0 count = 0
phase1. Via via7_0 count = 0
phase1. Via via8_0 count = 0
phase1. Via via9_0 count = 0
phase1. completed.

Start GR phase 2
Current Stage stats:
[End of Phase2 Routing] Elapsed real time: 0:00:00 
[End of Phase2 Routing] Elapsed cpu  time: sys=0:00:00 usr=0:00:00 total=0:00:00
[End of Phase2 Routing] Stage (MB): Used    0  Alloctr    0  Proc    0 
[End of Phase2 Routing] Total (MB): Used   28  Alloctr   29  Proc 1286 
phase2. Routing result:
phase2. Both Dirs: Overflow =     0 Max = 0 GRCs =     0 (0.00%)
phase2. H routing: Overflow =     0 Max = 0 (GRCs =  0) GRCs =     0 (0.00%)
phase2. V routing: Overflow =     0 Max = 0 (GRCs =  0) GRCs =     0 (0.00%)
phase2. metal1     Overflow =     0 Max = 0 (GRCs =  0) GRCs =     0 (0.00%)
phase2. metal2     Overflow =     0 Max = 0 (GRCs =  0) GRCs =     0 (0.00%)
phase2. metal3     Overflow =     0 Max = 0 (GRCs =  0) GRCs =     0 (0.00%)
phase2. metal4     Overflow =     0 Max = 0 (GRCs =  0) GRCs =     0 (0.00%)
phase2. metal5     Overflow =     0 Max = 0 (GRCs =  0) GRCs =     0 (0.00%)
phase2. metal6     Overflow =     0 Max = 0 (GRCs =  0) GRCs =     0 (0.00%)
phase2. metal7     Overflow =     0 Max = 0 (GRCs =  0) GRCs =     0 (0.00%)
phase2. metal8     Overflow =     0 Max = 0 (GRCs =  0) GRCs =     0 (0.00%)
phase2. metal9     Overflow =     0 Max = 0 (GRCs =  0) GRCs =     0 (0.00%)
phase2. metal10    Overflow =     0 Max = 0 (GRCs =  0) GRCs =     0 (0.00%)

phase2. Total Wire Length = 56662.86
phase2. Layer metal1 wire length = 3333.66
phase2. Layer metal2 wire length = 24682.60
phase2. Layer metal3 wire length = 26992.46
phase2. Layer metal4 wire length = 1654.15
phase2. Layer metal5 wire length = 0.00
phase2. Layer metal6 wire length = 0.00
phase2. Layer metal7 wire length = 0.00
phase2. Layer metal8 wire length = 0.00
phase2. Layer metal9 wire length = 0.00
phase2. Layer metal10 wire length = 0.00
phase2. Total Number of Contacts = 12555
phase2. Via via1_4 count = 6525
phase2. Via via2_8 count = 5863
phase2. Via via3_2 count = 167
phase2. Via via4_0 count = 0
phase2. Via via5_0 count = 0
phase2. Via via6_0 count = 0
phase2. Via via7_0 count = 0
phase2. Via via8_0 count = 0
phase2. Via via9_0 count = 0
phase2. completed.
[End of Whole Chip Routing] Elapsed real time: 0:00:00 
[End of Whole Chip Routing] Elapsed cpu  time: sys=0:00:00 usr=0:00:00 total=0:00:00
[End of Whole Chip Routing] Stage (MB): Used    2  Alloctr    3  Proc    0 
[End of Whole Chip Routing] Total (MB): Used   28  Alloctr   29  Proc 1286 

Information: Global Routing terminated early: true (ZRT-103)

Congestion utilization per direction:
Average vertical track utilization   =  5.99 %
Peak    vertical track utilization   = 83.33 %
Average horizontal track utilization =  4.01 %
Peak    horizontal track utilization = 66.67 %

Current Stage stats:
[GR: Done] Elapsed real time: 0:00:00 
[GR: Done] Elapsed cpu  time: sys=0:00:00 usr=0:00:00 total=0:00:00
[GR: Done] Stage (MB): Used   -1  Alloctr   -1  Proc    0 
[GR: Done] Total (MB): Used   28  Alloctr   29  Proc 1286 
GR Total stats:
[GR: Done] Elapsed real time: 0:00:00 
[GR: Done] Elapsed cpu  time: sys=0:00:00 usr=0:00:00 total=0:00:00
[GR: Done] Stage (MB): Used   21  Alloctr   21  Proc    0 
[GR: Done] Total (MB): Used   28  Alloctr   29  Proc 1286 
Writing out congestion map...
Updating congestion ...
[DBOUT] Elapsed real time: 0:00:00 
[DBOUT] Elapsed cpu  time: sys=0:00:00 usr=0:00:00 total=0:00:00
[DBOUT] Stage (MB): Used  -20  Alloctr  -20  Proc    0 
[DBOUT] Total (MB): Used    6  Alloctr    7  Proc 1286 
Final total stats:
[End of Global Routing] Elapsed real time: 0:00:00 
[End of Global Routing] Elapsed cpu  time: sys=0:00:00 usr=0:00:00 total=0:00:00
[End of Global Routing] Stage (MB): Used    0  Alloctr    0  Proc    0 
[End of Global Routing] Total (MB): Used    6  Alloctr    7  Proc 1286 

Information: Reporting global route congestion data from Milkyway...

Both Dirs: Overflow = 0 Max = 0 (0 GRCs) GRCs = 0 (0.00%)
H routing: Overflow = 0 Max = 0 (0 GRCs) GRCs = 0  (0.00%)
V routing: Overflow = 0 Max = 0 (0 GRCs) GRCs = 0  (0.00%)

Warning: ICC has suggestions for improving your design.  Use "report_suggestions" for details.  (PSYN-1067)
1
