/opt/Synopsys/Synplify2015/auxx/gui/dv/dv_setup.tcl
/opt/Synopsys/Synplify2015/auxx/gui/syn/snpsSynProcs.tcl
/opt/Synopsys/Synplify2015/auxx/tcllib/lib/tcl8.5/tm.tcl
/opt/Synopsys/Synplify2015/auxx/tcllib/lib/tcl8.5/package.tcl
/opt/Synopsys/Synplify2015/auxx/gui/syn/layout/pkgIndex.tcl
/opt/Synopsys/Synplify2015/auxx/gui/common/strokes/pkgIndex.tcl
/opt/Synopsys/Synplify2015/auxx/gui/common/schematic/pkgIndex.tcl
/opt/Synopsys/Synplify2015/auxx/gui/common/qtcl/pkgIndex.tcl
/opt/Synopsys/Synplify2015/auxx/gui/common/acg/pkgIndex.tcl
/opt/Synopsys/Synplify2015/auxx/gui/common/setup/pkgIndex.tcl
/opt/Synopsys/Synplify2015/auxx/gui/common/misc/pkgIndex.tcl
/opt/Synopsys/Synplify2015/auxx/gui/common/view/pkgIndex.tcl
/opt/Synopsys/Synplify2015/auxx/gui/common/tq/pkgIndex.tcl
/opt/Synopsys/Synplify2015/auxx/gui/common/regressionToolkit/pkgIndex.tcl
/opt/Synopsys/Synplify2015/auxx/gui/common/select/pkgIndex.tcl
/opt/Synopsys/Synplify2015/auxx/gui/common/tcl-dp/pkgIndex.tcl
/opt/Synopsys/Synplify2015/auxx/gui/common/fanoutviewer/pkgIndex.tcl
/opt/Synopsys/Synplify2015/auxx/gui/common/tiledview/pkgIndex.tcl
/opt/Synopsys/Synplify2015/auxx/gui/common/table/pkgIndex.tcl
/opt/Synopsys/Synplify2015/auxx/gui/common/docBrowser/pkgIndex.tcl
/opt/Synopsys/Synplify2015/auxx/gui/common/pathinspector/pkgIndex.tcl
/opt/Synopsys/Synplify2015/auxx/gui/common/timing/pkgIndex.tcl
/opt/Synopsys/Synplify2015/auxx/gui/common/histogram/pkgIndex.tcl
/opt/Synopsys/Synplify2015/auxx/gui/common/palettegroup/pkgIndex.tcl
/opt/Synopsys/Synplify2015/auxx/gui/common/mrupalette/pkgIndex.tcl
/opt/Synopsys/Synplify2015/auxx/gui/common/dialogs/pkgIndex.tcl
/opt/Synopsys/Synplify2015/auxx/gui/common/opdlg/pkgIndex.tcl
/opt/Synopsys/Synplify2015/auxx/gui/common/layout/pkgIndex.tcl
/opt/Synopsys/Synplify2015/auxx/gui/common/commandform/pkgIndex.tcl
/opt/Synopsys/Synplify2015/auxx/gui/common/libviewer/pkgIndex.tcl
/opt/Synopsys/Synplify2015/auxx/gui/common/WindowFrameWork/pkgIndex.tcl
/opt/Synopsys/Synplify2015/auxx/gui/common/profiler/pkgIndex.tcl
/opt/Synopsys/Synplify2015/auxx/gui/common/highlight/pkgIndex.tcl
/opt/Synopsys/Synplify2015/auxx/gui/common/menus/pkgIndex.tcl
/opt/Synopsys/Synplify2015/auxx/gui/common/hierarchy/pkgIndex.tcl
/opt/Synopsys/Synplify2015/auxx/gui/dv/pkgIndex.tcl
/opt/Synopsys/Synplify2015/auxx/tcllib/snps_tcl/snpsTclPro/pkgIndex.tcl
/opt/Synopsys/Synplify2015/auxx/tcllib/snps_tcl/snpsTest/pkgIndex.tcl
/opt/Synopsys/Synplify2015/auxx/tcllib/snps_tcl/snpsUtils/pkgIndex.tcl
/opt/Synopsys/Synplify2015/auxx/tcllib/snps_tcl/pkgIndex.tcl
/opt/Synopsys/Synplify2015/auxx/tcllib/lib/tcl8.5/http1.0/pkgIndex.tcl
/opt/Synopsys/Synplify2015/auxx/tcllib/lib/tcl8.5/opt/pkgIndex.tcl
/opt/Synopsys/Synplify2015/auxx/tcllib/lib/tcl8.5/msgcat/pkgIndex.tcl
/opt/Synopsys/Synplify2015/auxx/tcllib/lib/tcl8.5/http/pkgIndex.tcl
/opt/Synopsys/Synplify2015/auxx/tcllib/lib/tcl8.5/reg/pkgIndex.tcl
/opt/Synopsys/Synplify2015/auxx/tcllib/lib/tcl8.5/dde/pkgIndex.tcl
/opt/Synopsys/Synplify2015/auxx/tcllib/lib/tcl8.5/platform/pkgIndex.tcl
/opt/Synopsys/Synplify2015/auxx/tcllib/lib/tcl8.5/tcltest/pkgIndex.tcl
/opt/Synopsys/Synplify2015/auxx/gui/common/setup/snpsCommonSetup.tcl
/opt/Synopsys/Synplify2015/auxx/gui/common/setup/snpsCustomize.tcl
/opt/Synopsys/Synplify2015/auxx/gui/common/setup/snpsProcheck.tcl
/opt/Synopsys/Synplify2015/auxx/gui/common/qtcl/.synopsys_qtcl.tcl
/opt/Synopsys/Synplify2015/auxx/gui/common/highlight/highlight.tcl
/opt/Synopsys/Synplify2015/auxx/gui/common/misc/base.tcl
/opt/Synopsys/Synplify2015/auxx/gui/common/misc/timing.tcl
/opt/Synopsys/Synplify2015/auxx/gui/common/misc/setting.tcl
/opt/Synopsys/Synplify2015/auxx/gui/common/misc/preset.tcl
/opt/Synopsys/Synplify2015/auxx/gui/common/WindowFrameWork/windowFrameWork.tcl
/opt/Synopsys/Synplify2015/auxx/gui/common/WindowFrameWork/skipBusyCursorCmdList.tcl
/opt/Synopsys/Synplify2015/auxx/gui/common/docBrowser/docBrowser.tcl
/opt/Synopsys/Synplify2015/auxx/tcllib/snps_tcl/snpsUtils/snpsUtils.tcl
/opt/Synopsys/Synplify2015/auxx/gui/common/dialogs/ObjectChooser.tcl
/opt/Synopsys/Synplify2015/auxx/gui/common/misc/DialogObjectChooser.tcl
/opt/Synopsys/Synplify2015/auxx/gui/common/dialogs/HistBinInformation.tcl
/opt/Synopsys/Synplify2015/auxx/gui/common/dialogs/HistBin1Information.tcl
/opt/Synopsys/Synplify2015/auxx/gui/common/dialogs/BinsOnlyInformation.tcl
/opt/Synopsys/Synplify2015/auxx/gui/common/dialogs/FileChooser.tcl
/opt/Synopsys/Synplify2015/auxx/gui/common/dialogs/PathPinSimpleInfo.tcl
/opt/Synopsys/Synplify2015/auxx/gui/common/dialogs/PathsBasicInfo.tcl
/opt/Synopsys/Synplify2015/auxx/gui/common/dialogs/PathsBasicSimpleInfo.tcl
/opt/Synopsys/Synplify2015/auxx/gui/common/dialogs/SlctOperationInfo.tcl
/opt/Synopsys/Synplify2015/auxx/gui/common/dialogs/ObjectListInfo.tcl
/opt/Synopsys/Synplify2015/auxx/gui/common/dialogs/FanInOutInfo.tcl
/opt/Synopsys/Synplify2015/auxx/gui/common/dialogs/NumberOfLevelsChooser.tcl
/opt/Synopsys/Synplify2015/auxx/gui/common/dialogs/WindowReuseInfo.tcl
/opt/Synopsys/Synplify2015/auxx/gui/common/dialogs/ReportOutputOptionInfo.tcl
/opt/Synopsys/Synplify2015/auxx/gui/common/setup/snpsCollections.tcl
/opt/Synopsys/Synplify2015/auxx/gui/common/dialogs/CompileLinkDesign.tcl
/opt/Synopsys/Synplify2015/auxx/gui/common/histogram/DialogEndpointSlack.tcl
/opt/Synopsys/Synplify2015/auxx/gui/common/histogram/DialogPathsSlack.tcl
/opt/Synopsys/Synplify2015/auxx/gui/common/histogram/DialogNetCapacitance.tcl
/opt/Synopsys/Synplify2015/auxx/gui/common/schematic/DialogPathSchematicFanInOut.tcl
/opt/Synopsys/Synplify2015/auxx/gui/common/schematic/DialogPathSchematicAddPaths.tcl
/home/IC/Desktop/FinalProject/Syn_preDFT/scripts/logical_syn.tcl
/home/IC/Desktop/FinalProject/RTL/ClockDivider8.v
/home/IC/Desktop/FinalProject/std_cells/NanGate/dbs/NangateOpenCellLibrary_fast.db
/home/IC/Desktop/FinalProject/std_cells/NanGate/dbs/NangateOpenCellLibrary_slow.db
/home/IC/Desktop/FinalProject/std_cells/NanGate/dbs/NangateOpenCellLibrary_typical.db
/home/IC/Desktop/FinalProject/RTL/ParityCheck.v
/home/IC/Desktop/FinalProject/RTL/FSM.v
/home/IC/Desktop/FinalProject/RTL/DataSync.v
/home/IC/Desktop/FinalProject/RTL/RegisterFile.v
/home/IC/Desktop/FinalProject/RTL/StartCheck.v
/home/IC/Desktop/FinalProject/RTL/Serializer.v
/home/IC/Desktop/FinalProject/RTL/StopCheck.v
/home/IC/Desktop/FinalProject/RTL/ALU.v
/home/IC/Desktop/FinalProject/RTL/EdgeBitCounter.v
/home/IC/Desktop/FinalProject/RTL/UART_RX.v
/home/IC/Desktop/FinalProject/RTL/ResetSync.v
/home/IC/Desktop/FinalProject/RTL/MUX.v
/home/IC/Desktop/FinalProject/RTL/FSM_TX.v
/home/IC/Desktop/FinalProject/RTL/ClockDivider2.v
/home/IC/Desktop/FinalProject/RTL/MUX2X1.v
/home/IC/Desktop/FinalProject/RTL/CTRL_TX.v
/home/IC/Desktop/FinalProject/RTL/ParityCalc.v
/home/IC/Desktop/FinalProject/RTL/Synchronizer.v
/home/IC/Desktop/FinalProject/RTL/UART_TX.v
/home/IC/Desktop/FinalProject/RTL/UART.v
/home/IC/Desktop/FinalProject/RTL/Deserializer.v
/home/IC/Desktop/FinalProject/RTL/CTRL_RX.v
/home/IC/Desktop/FinalProject/RTL/SystemTop.v
/home/IC/Desktop/FinalProject/RTL/SystemControl.v
/home/IC/Desktop/FinalProject/RTL/OverSampling.v
/opt/Synopsys/Synplify2015/libraries/syn/gtech.db
/opt/Synopsys/Synplify2015/libraries/syn/standard.sldb
/home/IC/Desktop/FinalProject/Syn_preDFT/Cons/cons.tcl
/home/IC/synopsys_cache_K-2015.06/DW01/DW01_inc/rpl/3/NangateOpenCellLibrary_fast_7345/element.ddc
/home/IC/synopsys_cache_K-2015.06/DW01/DW01_inc/rpl/4/NangateOpenCellLibrary_fast_7345/element.ddc
/home/IC/synopsys_cache_K-2015.06/DW01/DW01_cmp6/rpl/4/NangateOpenCellLibrary_fast_7345/element.ddc
/home/IC/synopsys_cache_K-2015.06/DW02/DW_div_uns/rpl/8/8/NangateOpenCellLibrary_fast_7345/element.ddc
/home/IC/synopsys_cache_K-2015.06/DW01/DW01_sub/rpl/9/NangateOpenCellLibrary_fast_7345/element.ddc
/home/IC/synopsys_cache_K-2015.06/DW01/DW01_add/rpl/9/NangateOpenCellLibrary_fast_7345/element.ddc
/home/IC/synopsys_cache_K-2015.06/DW01/DW01_cmp6/rpl/8/NangateOpenCellLibrary_fast_7345/element.ddc
/home/IC/synopsys_cache_K-2015.06/DW02/DW02_mult/csa/8/8/NangateOpenCellLibrary_fast_7345_8167_5001/element.ddc
/home/IC/synopsys_cache_K-2015.06/DW02/DW02_mult/csa/8/8/NangateOpenCellLibrary_fast_7345/element.ddc
/home/IC/synopsys_cache_K-2015.06/DW01/DW01_add/cla/14/NangateOpenCellLibrary_fast_7345/element.ddc
/home/IC/Desktop/FinalProject/std_cells/NanGate/dbs/NangateOpenCellLibrary_fast.db
/home/IC/Desktop/FinalProject/std_cells/NanGate/dbs/NangateOpenCellLibrary_slow.db
/home/IC/Desktop/FinalProject/std_cells/NanGate/dbs/NangateOpenCellLibrary_typical.db
